{
  "stats": {
    "suites": 2,
    "tests": 4,
    "passes": 3,
    "pending": 0,
    "failures": 1,
    "start": "2021-08-16T16:48:19.375Z",
    "end": "2021-08-16T16:48:33.277Z",
    "duration": 13902,
    "testsRegistered": 4,
    "passPercent": 75,
    "pendingPercent": 0,
    "other": 0,
    "hasOther": false,
    "skipped": 0,
    "hasSkipped": false
  },
  "results": [
    {
      "uuid": "58de76ff-5bce-480c-8de3-426a14f5c4ab",
      "title": "",
      "fullFile": "cypress/integration/test1.spec.js",
      "file": "cypress/integration/test1.spec.js",
      "beforeHooks": [],
      "afterHooks": [],
      "tests": [],
      "suites": [
        {
          "uuid": "e43524c7-f0ec-432c-8c89-6dbc5a1bed44",
          "title": "todo app Test",
          "fullFile": "",
          "file": "",
          "beforeHooks": [],
          "afterHooks": [],
          "tests": [
            {
              "title": "test visit the page",
              "fullTitle": "todo app Test test visit the page",
              "timedOut": null,
              "duration": 7121,
              "state": "passed",
              "speed": "slow",
              "pass": true,
              "fail": false,
              "pending": false,
              "context": null,
              "code": "cy.get(\"h1\").contains(\"Login\");\ncy.then(() => {\n  expect(window.localStorage.getItem(\"token\")).to.be.null;\n});",
              "err": {},
              "uuid": "5badf651-f4cf-4764-8394-14f7a5cf2631",
              "parentUUID": "e43524c7-f0ec-432c-8c89-6dbc5a1bed44",
              "isHook": false,
              "skipped": false
            },
            {
              "title": "test login with credentials",
              "fullTitle": "todo app Test test login with credentials",
              "timedOut": null,
              "duration": 1313,
              "state": "passed",
              "speed": "slow",
              "pass": true,
              "fail": false,
              "pending": false,
              "context": null,
              "code": "cy.get(\"input[id=email]\").type(\"quang@gmail.com\");\ncy.get(\"input[id=password]\").type(\"123\");\ncy.get(\"button\").contains(\"Submit\").should(\"not.be.disabled\").click();",
              "err": {},
              "uuid": "7e676d21-94d8-4d27-bb11-4fbb3faab9f3",
              "parentUUID": "e43524c7-f0ec-432c-8c89-6dbc5a1bed44",
              "isHook": false,
              "skipped": false
            }
          ],
          "suites": [],
          "passes": [
            "5badf651-f4cf-4764-8394-14f7a5cf2631",
            "7e676d21-94d8-4d27-bb11-4fbb3faab9f3"
          ],
          "failures": [],
          "pending": [],
          "skipped": [],
          "duration": 8434,
          "root": false,
          "rootEmpty": false,
          "_timeout": 2000
        },
        {
          "uuid": "44941e62-40f0-45b7-b033-2c5bcbe71ac0",
          "title": "testing with credential",
          "fullFile": "",
          "file": "",
          "beforeHooks": [],
          "afterHooks": [],
          "tests": [
            {
              "title": "Check for logout button",
              "fullTitle": "testing with credential Check for logout button",
              "timedOut": null,
              "duration": 538,
              "state": "passed",
              "speed": "slow",
              "pass": true,
              "fail": false,
              "pending": false,
              "context": null,
              "code": "cy.get(\"ul li a\").contains(\"Logout\");",
              "err": {},
              "uuid": "b5b0f5bb-0684-49d5-a7de-95faec690def",
              "parentUUID": "44941e62-40f0-45b7-b033-2c5bcbe71ac0",
              "isHook": false,
              "skipped": false
            },
            {
              "title": "test content page with mock user",
              "fullTitle": "testing with credential test content page with mock user",
              "timedOut": null,
              "duration": 4790,
              "state": "failed",
              "speed": null,
              "pass": false,
              "fail": true,
              "pending": false,
              "context": null,
              "code": "cy.get(\"p\").contains(\"this is my first task\");\ncy.get(\"button\").contains(\"Edit\");\ncy.get(\"button\").contains(\"Delete\");",
              "err": {
                "message": "AssertionError: Timed out retrying after 4000ms: Expected to find element: `p`, but never found it.",
                "estack": "AssertionError: Timed out retrying after 4000ms: Expected to find element: `p`, but never found it.\n    at Context.eval (http://localhost:4200/__cypress/tests?p=cypress\\integration\\test1.spec.js:128:8)",
                "diff": null
              },
              "uuid": "66896722-5521-4e1f-9d56-c6979144a1b0",
              "parentUUID": "44941e62-40f0-45b7-b033-2c5bcbe71ac0",
              "isHook": false,
              "skipped": false
            }
          ],
          "suites": [],
          "passes": [
            "b5b0f5bb-0684-49d5-a7de-95faec690def"
          ],
          "failures": [
            "66896722-5521-4e1f-9d56-c6979144a1b0"
          ],
          "pending": [],
          "skipped": [],
          "duration": 5328,
          "root": false,
          "rootEmpty": false,
          "_timeout": 2000
        }
      ],
      "passes": [],
      "failures": [],
      "pending": [],
      "skipped": [],
      "duration": 0,
      "root": true,
      "rootEmpty": true,
      "_timeout": 2000
    }
  ],
  "meta": {
    "mocha": {
      "version": "7.0.1"
    },
    "mochawesome": {
      "options": {
        "quiet": false,
        "reportFilename": "mochawesome",
        "saveHtml": false,
        "saveJson": true,
        "consoleReporter": "spec",
        "useInlineDiffs": false,
        "code": true
      },
      "version": "6.2.2"
    },
    "marge": {
      "options": {
        "reportDir": "cypress/results/json",
        "overwrite": true,
        "html": false,
        "json": true
      },
      "version": "5.2.0"
    }
  }
}