{
  "stats": {
    "suites": 2,
    "tests": 4,
    "passes": 3,
    "pending": 0,
    "failures": 1,
    "start": "2021-08-16T17:55:27.561Z",
    "end": "2021-08-16T17:55:38.249Z",
    "duration": 10688,
    "testsRegistered": 4,
    "passPercent": 75,
    "pendingPercent": 0,
    "other": 0,
    "hasOther": false,
    "skipped": 0,
    "hasSkipped": false
  },
  "results": [
    {
      "uuid": "9aa34e53-4e52-4ce0-a763-1a289d713e56",
      "title": "",
      "fullFile": "cypress/integration/test1.spec.js",
      "file": "cypress/integration/test1.spec.js",
      "beforeHooks": [],
      "afterHooks": [],
      "tests": [],
      "suites": [
        {
          "uuid": "ea87a076-5b2f-49fe-8875-09abbda41ab1",
          "title": "todo app Test",
          "fullFile": "",
          "file": "",
          "beforeHooks": [],
          "afterHooks": [],
          "tests": [
            {
              "title": "test visit the page",
              "fullTitle": "todo app Test test visit the page",
              "timedOut": null,
              "duration": 4080,
              "state": "passed",
              "speed": "slow",
              "pass": true,
              "fail": false,
              "pending": false,
              "context": null,
              "code": "cy.get(\"h1\").contains(\"Login\");\ncy.then(() => {\n  expect(window.localStorage.getItem(\"token\")).to.be.null;\n});",
              "err": {},
              "uuid": "5d2e3b11-6412-46f2-a8b4-c081d841543d",
              "parentUUID": "ea87a076-5b2f-49fe-8875-09abbda41ab1",
              "isHook": false,
              "skipped": false
            },
            {
              "title": "test login with credentials",
              "fullTitle": "todo app Test test login with credentials",
              "timedOut": null,
              "duration": 1318,
              "state": "passed",
              "speed": "slow",
              "pass": true,
              "fail": false,
              "pending": false,
              "context": null,
              "code": "cy.get(\"input[id=email]\").type(\"quang@gmail.com\");\ncy.get(\"input[id=password]\").type(\"123\");\ncy.get(\"button\").contains(\"Submit\").should(\"not.be.disabled\").click();",
              "err": {},
              "uuid": "c9ebcd96-0080-441f-83b0-420ef109cad2",
              "parentUUID": "ea87a076-5b2f-49fe-8875-09abbda41ab1",
              "isHook": false,
              "skipped": false
            }
          ],
          "suites": [],
          "passes": [
            "5d2e3b11-6412-46f2-a8b4-c081d841543d",
            "c9ebcd96-0080-441f-83b0-420ef109cad2"
          ],
          "failures": [],
          "pending": [],
          "skipped": [],
          "duration": 5398,
          "root": false,
          "rootEmpty": false,
          "_timeout": 2000
        },
        {
          "uuid": "ff890bdd-7a21-44b8-afc0-7680be3233ef",
          "title": "testing with credential",
          "fullFile": "",
          "file": "",
          "beforeHooks": [],
          "afterHooks": [],
          "tests": [
            {
              "title": "Check for logout button",
              "fullTitle": "testing with credential Check for logout button",
              "timedOut": null,
              "duration": 340,
              "state": "passed",
              "speed": "slow",
              "pass": true,
              "fail": false,
              "pending": false,
              "context": null,
              "code": "cy.get(\"ul li a\").contains(\"Logout\");",
              "err": {},
              "uuid": "fc438880-75f5-4ff5-97c2-336d38203482",
              "parentUUID": "ff890bdd-7a21-44b8-afc0-7680be3233ef",
              "isHook": false,
              "skipped": false
            },
            {
              "title": "test content page with mock user",
              "fullTitle": "testing with credential test content page with mock user",
              "timedOut": null,
              "duration": 4814,
              "state": "failed",
              "speed": null,
              "pass": false,
              "fail": true,
              "pending": false,
              "context": null,
              "code": "cy.get(\"p\").contains(\"this is my first task\");\ncy.get(\"button\").contains(\"Edit\");\ncy.get(\"button\").contains(\"Delete\");",
              "err": {
                "message": "AssertionError: Timed out retrying after 4000ms: Expected to find element: `p`, but never found it.",
                "estack": "AssertionError: Timed out retrying after 4000ms: Expected to find element: `p`, but never found it.\n    at Context.eval (http://localhost:4200/__cypress/tests?p=cypress\\integration\\test1.spec.js:128:8)",
                "diff": null
              },
              "uuid": "d7b588ac-081b-4ad3-947c-e186b3bd0120",
              "parentUUID": "ff890bdd-7a21-44b8-afc0-7680be3233ef",
              "isHook": false,
              "skipped": false
            }
          ],
          "suites": [],
          "passes": [
            "fc438880-75f5-4ff5-97c2-336d38203482"
          ],
          "failures": [
            "d7b588ac-081b-4ad3-947c-e186b3bd0120"
          ],
          "pending": [],
          "skipped": [],
          "duration": 5154,
          "root": false,
          "rootEmpty": false,
          "_timeout": 2000
        }
      ],
      "passes": [],
      "failures": [],
      "pending": [],
      "skipped": [],
      "duration": 0,
      "root": true,
      "rootEmpty": true,
      "_timeout": 2000
    }
  ],
  "meta": {
    "mocha": {
      "version": "7.0.1"
    },
    "mochawesome": {
      "options": {
        "quiet": false,
        "reportFilename": "mochawesome",
        "saveHtml": false,
        "saveJson": true,
        "consoleReporter": "spec",
        "useInlineDiffs": false,
        "code": true
      },
      "version": "6.2.2"
    },
    "marge": {
      "options": {
        "reportDir": "cypress/results/json",
        "overwrite": true,
        "html": false,
        "json": true
      },
      "version": "5.2.0"
    }
  }
}