{
  "stats": {
    "suites": 1,
    "tests": 4,
    "passes": 3,
    "pending": 0,
    "failures": 1,
    "start": "2021-08-16T16:18:52.042Z",
    "end": "2021-08-16T16:19:02.061Z",
    "duration": 9892,
    "testsRegistered": 4,
    "passPercent": 75,
    "pendingPercent": 0,
    "other": 0,
    "hasOther": false,
    "skipped": 0,
    "hasSkipped": false
  },
  "results": [
    {
      "uuid": "a116087b-1015-4a94-9461-3af44441509e",
      "title": "",
      "fullFile": "cypress/integration/test1.spec.js",
      "file": "cypress/integration/test1.spec.js",
      "beforeHooks": [],
      "afterHooks": [],
      "tests": [],
      "suites": [
        {
          "uuid": "2bff2035-688c-40bd-849f-0138dae1f0c9",
          "title": "todo app Test",
          "fullFile": "",
          "file": "",
          "beforeHooks": [],
          "afterHooks": [],
          "tests": [
            {
              "title": "test visit the page",
              "fullTitle": "todo app Test test visit the page",
              "timedOut": null,
              "duration": 3340,
              "state": "passed",
              "speed": "slow",
              "pass": true,
              "fail": false,
              "pending": false,
              "context": null,
              "code": "cy.get(\"h1\").contains(\"Login\");\ncy.then(() => {\n  expect(window.localStorage.getItem(\"token\")).to.be.null;\n});",
              "err": {},
              "uuid": "599d884a-34b5-4b7a-b329-f83712276191",
              "parentUUID": "2bff2035-688c-40bd-849f-0138dae1f0c9",
              "isHook": false,
              "skipped": false
            },
            {
              "title": "test login with credentials",
              "fullTitle": "todo app Test test login with credentials",
              "timedOut": null,
              "duration": 1327,
              "state": "passed",
              "speed": "slow",
              "pass": true,
              "fail": false,
              "pending": false,
              "context": null,
              "code": "cy.get(\"input[id=email]\").type(\"quang@gmail.com\");\ncy.get(\"input[id=password]\").type(\"123\");\ncy.get(\"button\").contains(\"Submit\").should(\"not.be.disabled\").click();",
              "err": {},
              "uuid": "fb06be80-e9a5-44d9-b992-84d426c05012",
              "parentUUID": "2bff2035-688c-40bd-849f-0138dae1f0c9",
              "isHook": false,
              "skipped": false
            }
          ],
          "suites": [],
          "passes": [
            "599d884a-34b5-4b7a-b329-f83712276191",
            "fb06be80-e9a5-44d9-b992-84d426c05012"
          ],
          "failures": [],
          "pending": [],
          "skipped": [],
          "duration": 4667,
          "root": false,
          "rootEmpty": false,
          "_timeout": 2000
        },
        {
          "uuid": "2aaea039-e4a0-4639-8a3d-8e9545eb5e74",
          "title": "testing with credential",
          "fullFile": "",
          "file": "",
          "beforeHooks": [],
          "afterHooks": [],
          "tests": [
            {
              "title": "Check for logout button",
              "fullTitle": "testing with credential Check for logout button",
              "timedOut": null,
              "duration": 496,
              "state": "passed",
              "speed": "slow",
              "pass": true,
              "fail": false,
              "pending": false,
              "context": null,
              "code": "cy.get(\"ul li a\").contains(\"Logout\");",
              "err": {},
              "uuid": "440dcd56-7ef8-4875-8b35-cad52895d553",
              "parentUUID": "2aaea039-e4a0-4639-8a3d-8e9545eb5e74",
              "isHook": false,
              "skipped": false
            },
            {
              "title": "test content page with mock user",
              "fullTitle": "testing with credential test content page with mock user",
              "timedOut": null,
              "duration": 4729,
              "state": "failed",
              "speed": null,
              "pass": false,
              "fail": true,
              "pending": false,
              "context": null,
              "code": "cy.get(\"p\").contains(\"this is my first task\");\ncy.get(\"button\").contains(\"Edit\");\ncy.get(\"button\").contains(\"Delete\");",
              "err": {
                "message": "AssertionError: Timed out retrying after 4000ms: Expected to find element: `p`, but never found it.",
                "estack": "AssertionError: Timed out retrying after 4000ms: Expected to find element: `p`, but never found it.\n    at Context.eval (http://localhost:4200/__cypress/tests?p=cypress\\integration\\test1.spec.js:128:8)",
                "diff": null
              },
              "uuid": "3e1f307a-7aa3-48e3-afc8-aabcad1565c1",
              "parentUUID": "2aaea039-e4a0-4639-8a3d-8e9545eb5e74",
              "isHook": false,
              "skipped": false
            }
          ],
          "suites": [],
          "passes": [
            "440dcd56-7ef8-4875-8b35-cad52895d553"
          ],
          "failures": [
            "3e1f307a-7aa3-48e3-afc8-aabcad1565c1"
          ],
          "pending": [],
          "skipped": [],
          "duration": 5225,
          "root": false,
          "rootEmpty": false,
          "_timeout": 2000
        }
      ],
      "passes": [],
      "failures": [],
      "pending": [],
      "skipped": [],
      "duration": 0,
      "root": true,
      "rootEmpty": true,
      "_timeout": 2000
    }
  ],
  "meta": {
    "mocha": {
      "version": "7.0.1"
    },
    "mochawesome": {
      "options": {
        "quiet": false,
        "reportFilename": "mochawesome",
        "saveHtml": false,
        "saveJson": true,
        "consoleReporter": "spec",
        "useInlineDiffs": false,
        "code": true
      },
      "version": "6.2.2"
    },
    "marge": {
      "options": {
        "reportDir": "cypress/results/json",
        "overwrite": true,
        "html": false,
        "json": true
      },
      "version": "5.2.0"
    }
  }
}